Build started 2015/6/4 19:10:05.
     1>Project "E:\gestureRec\VideoHand\VideoHand\VideoHand.vcxproj" on node 2 (build target(s)).
     1>PrepareForBuild:
         Creating directory "E:\gestureRec\VideoHand\Debug\".
       InitializeBuildStatus:
         Creating "Debug\VideoHand.unsuccessfulbuild" because "AlwaysCreate" was specified.
       ClCompile:
         C:\Program Files\Microsoft Visual Studio 10.0\VC\bin\CL.exe /c /ZI /nologo /W3 /WX- /Od /Oy- /D WIN32 /D _DEBUG /D _CONSOLE /D _UNICODE /D UNICODE /Gm /EHsc /RTC1 /MDd /GS /fp:precise /Zc:wchar_t /Zc:forScope /Fo"Debug\\" /Fd"Debug\vc100.pdb" /Gd /TP /analyze- /errorReport:prompt videohand.cpp
         videohand.cpp
     1>e:\gesturerec\videohand\videohand\videohand.cpp(28): warning C4244: 'return' : conversion from 'double' to 'float', possible loss of data
     1>e:\gesturerec\videohand\videohand\videohand.cpp(61): warning C4244: '=' : conversion from 'double' to 'float', possible loss of data
       ManifestResourceCompile:
         All outputs are up-to-date.
       Link:
         C:\Program Files\Microsoft Visual Studio 10.0\VC\bin\link.exe /ERRORREPORT:PROMPT /OUT:"E:\gestureRec\VideoHand\Debug\VideoHand.exe" /INCREMENTAL /NOLOGO opencv_calib3d2410d.lib opencv_contrib2410d.lib opencv_core2410d.lib opencv_features2d2410d.lib opencv_flann2410d.lib opencv_gpu2410d.lib opencv_highgui2410d.lib opencv_imgproc2410d.lib opencv_legacy2410d.lib opencv_ml2410d.lib opencv_nonfree2410d.lib opencv_objdetect2410d.lib opencv_ocl2410d.lib opencv_photo2410d.lib opencv_stitching2410d.lib opencv_superres2410d.lib opencv_ts2410d.lib opencv_video2410d.lib opencv_videostab2410d.lib opencv_calib3d2410.lib opencv_contrib2410.lib opencv_core2410.lib opencv_features2d2410.lib opencv_flann2410.lib opencv_gpu2410.lib opencv_highgui2410.lib opencv_imgproc2410.lib opencv_legacy2410.lib opencv_ml2410.lib opencv_nonfree2410.lib opencv_objdetect2410.lib opencv_superres2410.lib opencv_ts2410.lib opencv_video2410.lib opencv_videostab2410.lib opencv_ocl2410.lib opencv_photo2410.lib opencv_stitching2410.lib kernel32.lib user32.lib gdi32.lib winspool.lib comdlg32.lib advapi32.lib shell32.lib ole32.lib oleaut32.lib uuid.lib odbc32.lib odbccp32.lib /MANIFEST /ManifestFile:"Debug\VideoHand.exe.intermediate.manifest" /MANIFESTUAC:"level='asInvoker' uiAccess='false'" /DEBUG /PDB:"E:\gestureRec\VideoHand\Debug\VideoHand.pdb" /SUBSYSTEM:CONSOLE /TLBID:1 /DYNAMICBASE /NXCOMPAT /IMPLIB:"E:\gestureRec\VideoHand\Debug\VideoHand.lib" /MACHINE:X86 Debug\VideoHand.exe.embed.manifest.res
         Debug\videohand.obj
       Manifest:
         C:\Program Files\Microsoft SDKs\Windows\v7.0A\bin\mt.exe /nologo /verbose /out:"Debug\VideoHand.exe.embed.manifest" /manifest Debug\VideoHand.exe.intermediate.manifest
         All outputs are up-to-date.
       LinkEmbedManifest:
         All outputs are up-to-date.
         VideoHand.vcxproj -> E:\gestureRec\VideoHand\Debug\VideoHand.exe
       FinalizeBuildStatus:
         Deleting file "Debug\VideoHand.unsuccessfulbuild".
         Touching "Debug\VideoHand.lastbuildstate".
     1>Done Building Project "E:\gestureRec\VideoHand\VideoHand\VideoHand.vcxproj" (build target(s)).

Build succeeded.

Time Elapsed 00:00:09.45
